[debug] [2020-12-19T17:16:45.338Z] ----------------------------------------------------------------------
[debug] [2020-12-19T17:16:45.344Z] Command:       /usr/local/bin/node /Users/.npm-global/bin/firebase init
[debug] [2020-12-19T17:16:45.345Z] CLI Version:   9.0.1
[debug] [2020-12-19T17:16:45.346Z] Platform:      darwin
[debug] [2020-12-19T17:16:45.346Z] Node Version:  v10.16.0
[debug] [2020-12-19T17:16:45.357Z] Time:          Sun Dec 20 2020 00:16:45 GMT+0700 (Indochina Time)
[debug] [2020-12-19T17:16:45.357Z] ----------------------------------------------------------------------
[debug] [2020-12-19T17:16:45.357Z] 
[debug] [2020-12-19T17:16:45.374Z] > command requires scopes: ["email","openid","https://www.googleapis.com/auth/cloudplatformprojects.readonly","https://www.googleapis.com/auth/firebase","https://www.googleapis.com/auth/cloud-platform"]
[debug] [2020-12-19T17:16:45.375Z] > authorizing via signed-in user
[info] 
     ######## #### ########  ######## ########     ###     ######  ########
     ##        ##  ##     ## ##       ##     ##  ##   ##  ##       ##
     ######    ##  ########  ######   ########  #########  ######  ######
     ##        ##  ##    ##  ##       ##     ## ##     ##       ## ##
     ##       #### ##     ## ######## ########  ##     ##  ######  ########

You're about to initialize a Firebase project in this directory:

  /Users/nambk/Documents/Projects/Prime

Before we get started, keep in mind:

  * You are initializing in an existing Firebase project directory

[info] 
=== Project Setup
[info] 
[info] First, let's associate this project directory with a Firebase project.
[info] You can create multiple project aliases by running firebase use --add, 
[info] but for now we'll just set up a default project.
[info] 
[info] i  .firebaserc already has a default project, using prime-2020. 
[debug] [2020-12-19T17:16:50.999Z] > refreshing access token with scopes: ["email","https://www.googleapis.com/auth/cloud-platform","https://www.googleapis.com/auth/cloudplatformprojects.readonly","https://www.googleapis.com/auth/firebase","openid"]
[debug] [2020-12-19T17:16:50.999Z] >>> HTTP REQUEST POST https://www.googleapis.com/oauth2/v3/token  
 <request body omitted>
[debug] [2020-12-19T17:16:51.311Z] <<< HTTP RESPONSE 200 {"expires":"Mon, 01 Jan 1990 00:00:00 GMT","cache-control":"no-cache, no-store, max-age=0, must-revalidate","date":"Sat, 19 Dec 2020 17:16:51 GMT","pragma":"no-cache","content-type":"application/json; charset=utf-8","vary":"X-Origin, Referer, Origin,Accept-Encoding","server":"scaffolding on HTTPServer2","x-xss-protection":"0","x-frame-options":"SAMEORIGIN","x-content-type-options":"nosniff","alt-svc":"h3-29=\":443\"; ma=2592000,h3-T051=\":443\"; ma=2592000,h3-Q050=\":443\"; ma=2592000,h3-Q046=\":443\"; ma=2592000,h3-Q043=\":443\"; ma=2592000,quic=\":443\"; ma=2592000; v=\"46,43\"","accept-ranges":"none","transfer-encoding":"chunked"}
[debug] [2020-12-19T17:16:51.333Z] >>> HTTP REQUEST GET https://firebase.googleapis.com/v1beta1/projects/prime-2020  
 
[debug] [2020-12-19T17:16:52.091Z] <<< HTTP RESPONSE 200 {"content-type":"application/json; charset=UTF-8","vary":"X-Origin, Referer, Origin,Accept-Encoding","date":"Sat, 19 Dec 2020 17:16:52 GMT","server":"ESF","cache-control":"private","x-xss-protection":"0","x-frame-options":"SAMEORIGIN","x-content-type-options":"nosniff","alt-svc":"h3-29=\":443\"; ma=2592000,h3-T051=\":443\"; ma=2592000,h3-Q050=\":443\"; ma=2592000,h3-Q046=\":443\"; ma=2592000,h3-Q043=\":443\"; ma=2592000,quic=\":443\"; ma=2592000; v=\"46,43\"","accept-ranges":"none","transfer-encoding":"chunked"}
[info] 
=== Hosting Setup
[info] 
[info] Your public directory is the folder (relative to your project directory) that
[info] will contain Hosting assets to be uploaded with firebase deploy. If you
[info] have a build process for your assets, use your build's output directory.
[info] 
[debug] [2020-12-19T17:17:38.322Z] ----------------------------------------------------------------------
[debug] [2020-12-19T17:17:38.325Z] Command:       /usr/local/bin/node /Users/.npm-global/bin/firebase init
[debug] [2020-12-19T17:17:38.325Z] CLI Version:   9.0.1
[debug] [2020-12-19T17:17:38.325Z] Platform:      darwin
[debug] [2020-12-19T17:17:38.325Z] Node Version:  v10.16.0
[debug] [2020-12-19T17:17:38.326Z] Time:          Sun Dec 20 2020 00:17:38 GMT+0700 (Indochina Time)
[debug] [2020-12-19T17:17:38.326Z] ----------------------------------------------------------------------
[debug] [2020-12-19T17:17:38.327Z] 
[debug] [2020-12-19T17:17:38.337Z] > command requires scopes: ["email","openid","https://www.googleapis.com/auth/cloudplatformprojects.readonly","https://www.googleapis.com/auth/firebase","https://www.googleapis.com/auth/cloud-platform"]
[debug] [2020-12-19T17:17:38.338Z] > authorizing via signed-in user
[info] 
     ######## #### ########  ######## ########     ###     ######  ########
     ##        ##  ##     ## ##       ##     ##  ##   ##  ##       ##
     ######    ##  ########  ######   ########  #########  ######  ######
     ##        ##  ##    ##  ##       ##     ## ##     ##       ## ##
     ##       #### ##     ## ######## ########  ##     ##  ######  ########

You're about to initialize a Firebase project in this directory:

  /Users/nambk/Documents/Projects/Prime

Before we get started, keep in mind:

  * You are initializing in an existing Firebase project directory

[info] 
=== Project Setup
[info] 
[info] First, let's associate this project directory with a Firebase project.
[info] You can create multiple project aliases by running firebase use --add, 
[info] but for now we'll just set up a default project.
[info] 
[info] i  .firebaserc already has a default project, using prime-2020. 
[debug] [2020-12-19T17:18:01.782Z] >>> HTTP REQUEST GET https://firebase.googleapis.com/v1beta1/projects/prime-2020  
 
[debug] [2020-12-19T17:18:02.555Z] <<< HTTP RESPONSE 200 {"content-type":"application/json; charset=UTF-8","vary":"X-Origin, Referer, Origin,Accept-Encoding","date":"Sat, 19 Dec 2020 17:18:02 GMT","server":"ESF","cache-control":"private","x-xss-protection":"0","x-frame-options":"SAMEORIGIN","x-content-type-options":"nosniff","alt-svc":"h3-29=\":443\"; ma=2592000,h3-T051=\":443\"; ma=2592000,h3-Q050=\":443\"; ma=2592000,h3-Q046=\":443\"; ma=2592000,h3-Q043=\":443\"; ma=2592000,quic=\":443\"; ma=2592000; v=\"46,43\"","accept-ranges":"none","transfer-encoding":"chunked"}
[info] 
=== Hosting Setup
[info] 
[info] Your public directory is the folder (relative to your project directory) that
[info] will contain Hosting assets to be uploaded with firebase deploy. If you
[info] have a build process for your assets, use your build's output directory.
[info] 
[debug] [2020-12-19T17:32:54.346Z] Error: write EIO
    at WriteWrap.afterWrite [as oncomplete] (net.js:788:14)
[debug] [2020-12-19T17:32:54.348Z] Error: write EIO
    at WriteWrap.afterWrite [as oncomplete] (net.js:788:14)
